2025-02-06T22:52:35: Error: Route.post() requires a callback function but got a [object Object]
2025-02-06T22:52:35:     at Route.<computed> [as post] (D:\learn node js\node setup\node_modules\express\lib\router\route.js:216:15)
2025-02-06T22:52:35:     at proto.<computed> [as post] (D:\learn node js\node setup\node_modules\express\lib\router\index.js:521:19)
2025-02-06T22:52:35:     at Object.<anonymous> (D:\learn node js\node setup\src\login\index.js:15:8)
2025-02-06T22:52:35:     at Module._compile (node:internal/modules/cjs/loader:1241:14)
2025-02-06T22:52:35:     at Module._extensions..js (node:internal/modules/cjs/loader:1295:10)
2025-02-06T22:52:35:     at Module.load (node:internal/modules/cjs/loader:1091:32)
2025-02-06T22:52:35:     at Module._load (node:internal/modules/cjs/loader:938:12)
2025-02-06T22:52:35:     at Module.require (node:internal/modules/cjs/loader:1115:19)
2025-02-06T22:52:35:     at Hook._require.Module.require (C:\Users\Dell\AppData\Roaming\npm\node_modules\pm2\node_modules\require-in-the-middle\index.js:101:39)
2025-02-06T22:52:35:     at require (node:internal/modules/helpers:130:18)
2025-02-06T22:52:35: Error: Route.post() requires a callback function but got a [object Object]
2025-02-06T22:52:35:     at Route.<computed> [as post] (D:\learn node js\node setup\node_modules\express\lib\router\route.js:216:15)
2025-02-06T22:52:35:     at proto.<computed> [as post] (D:\learn node js\node setup\node_modules\express\lib\router\index.js:521:19)
2025-02-06T22:52:35:     at Object.<anonymous> (D:\learn node js\node setup\src\login\index.js:15:8)
2025-02-06T22:52:35:     at Module._compile (node:internal/modules/cjs/loader:1241:14)
2025-02-06T22:52:35:     at Module._extensions..js (node:internal/modules/cjs/loader:1295:10)
2025-02-06T22:52:35:     at Module.load (node:internal/modules/cjs/loader:1091:32)
2025-02-06T22:52:35:     at Module._load (node:internal/modules/cjs/loader:938:12)
2025-02-06T22:52:35:     at Module.require (node:internal/modules/cjs/loader:1115:19)
2025-02-06T22:52:35:     at Hook._require.Module.require (C:\Users\Dell\AppData\Roaming\npm\node_modules\pm2\node_modules\require-in-the-middle\index.js:101:39)
2025-02-06T22:52:35:     at require (node:internal/modules/helpers:130:18)
2025-02-06T22:52:36: Error: Route.post() requires a callback function but got a [object Object]
2025-02-06T22:52:36:     at Route.<computed> [as post] (D:\learn node js\node setup\node_modules\express\lib\router\route.js:216:15)
2025-02-06T22:52:36:     at proto.<computed> [as post] (D:\learn node js\node setup\node_modules\express\lib\router\index.js:521:19)
2025-02-06T22:52:36:     at Object.<anonymous> (D:\learn node js\node setup\src\login\index.js:15:8)
2025-02-06T22:52:36:     at Module._compile (node:internal/modules/cjs/loader:1241:14)
2025-02-06T22:52:36:     at Module._extensions..js (node:internal/modules/cjs/loader:1295:10)
2025-02-06T22:52:36:     at Module.load (node:internal/modules/cjs/loader:1091:32)
2025-02-06T22:52:36:     at Module._load (node:internal/modules/cjs/loader:938:12)
2025-02-06T22:52:36:     at Module.require (node:internal/modules/cjs/loader:1115:19)
2025-02-06T22:52:36:     at Hook._require.Module.require (C:\Users\Dell\AppData\Roaming\npm\node_modules\pm2\node_modules\require-in-the-middle\index.js:101:39)
2025-02-06T22:52:36:     at require (node:internal/modules/helpers:130:18)
2025-02-06T22:52:36: Error: Route.post() requires a callback function but got a [object Object]
2025-02-06T22:52:36:     at Route.<computed> [as post] (D:\learn node js\node setup\node_modules\express\lib\router\route.js:216:15)
2025-02-06T22:52:36:     at proto.<computed> [as post] (D:\learn node js\node setup\node_modules\express\lib\router\index.js:521:19)
2025-02-06T22:52:36:     at Object.<anonymous> (D:\learn node js\node setup\src\login\index.js:15:8)
2025-02-06T22:52:36:     at Module._compile (node:internal/modules/cjs/loader:1241:14)
2025-02-06T22:52:36:     at Module._extensions..js (node:internal/modules/cjs/loader:1295:10)
2025-02-06T22:52:36:     at Module.load (node:internal/modules/cjs/loader:1091:32)
2025-02-06T22:52:36:     at Module._load (node:internal/modules/cjs/loader:938:12)
2025-02-06T22:52:36:     at Module.require (node:internal/modules/cjs/loader:1115:19)
2025-02-06T22:52:36:     at Hook._require.Module.require (C:\Users\Dell\AppData\Roaming\npm\node_modules\pm2\node_modules\require-in-the-middle\index.js:101:39)
2025-02-06T22:52:36:     at require (node:internal/modules/helpers:130:18)
2025-02-06T22:52:36: Error: Route.post() requires a callback function but got a [object Object]
2025-02-06T22:52:36:     at Route.<computed> [as post] (D:\learn node js\node setup\node_modules\express\lib\router\route.js:216:15)
2025-02-06T22:52:36:     at proto.<computed> [as post] (D:\learn node js\node setup\node_modules\express\lib\router\index.js:521:19)
2025-02-06T22:52:36:     at Object.<anonymous> (D:\learn node js\node setup\src\login\index.js:15:8)
2025-02-06T22:52:36:     at Module._compile (node:internal/modules/cjs/loader:1241:14)
2025-02-06T22:52:36:     at Module._extensions..js (node:internal/modules/cjs/loader:1295:10)
2025-02-06T22:52:36:     at Module.load (node:internal/modules/cjs/loader:1091:32)
2025-02-06T22:52:36:     at Module._load (node:internal/modules/cjs/loader:938:12)
2025-02-06T22:52:36:     at Module.require (node:internal/modules/cjs/loader:1115:19)
2025-02-06T22:52:36:     at Hook._require.Module.require (C:\Users\Dell\AppData\Roaming\npm\node_modules\pm2\node_modules\require-in-the-middle\index.js:101:39)
2025-02-06T22:52:36:     at require (node:internal/modules/helpers:130:18)
2025-02-06T22:52:37: Error: Route.post() requires a callback function but got a [object Object]
2025-02-06T22:52:37:     at Route.<computed> [as post] (D:\learn node js\node setup\node_modules\express\lib\router\route.js:216:15)
2025-02-06T22:52:37:     at proto.<computed> [as post] (D:\learn node js\node setup\node_modules\express\lib\router\index.js:521:19)
2025-02-06T22:52:37:     at Object.<anonymous> (D:\learn node js\node setup\src\login\index.js:15:8)
2025-02-06T22:52:37:     at Module._compile (node:internal/modules/cjs/loader:1241:14)
2025-02-06T22:52:37:     at Module._extensions..js (node:internal/modules/cjs/loader:1295:10)
2025-02-06T22:52:37:     at Module.load (node:internal/modules/cjs/loader:1091:32)
2025-02-06T22:52:37:     at Module._load (node:internal/modules/cjs/loader:938:12)
2025-02-06T22:52:37:     at Module.require (node:internal/modules/cjs/loader:1115:19)
2025-02-06T22:52:37:     at Hook._require.Module.require (C:\Users\Dell\AppData\Roaming\npm\node_modules\pm2\node_modules\require-in-the-middle\index.js:101:39)
2025-02-06T22:52:37:     at require (node:internal/modules/helpers:130:18)
2025-02-06T22:52:37: Error: Route.post() requires a callback function but got a [object Object]
2025-02-06T22:52:37:     at Route.<computed> [as post] (D:\learn node js\node setup\node_modules\express\lib\router\route.js:216:15)
2025-02-06T22:52:37:     at proto.<computed> [as post] (D:\learn node js\node setup\node_modules\express\lib\router\index.js:521:19)
2025-02-06T22:52:37:     at Object.<anonymous> (D:\learn node js\node setup\src\login\index.js:15:8)
2025-02-06T22:52:37:     at Module._compile (node:internal/modules/cjs/loader:1241:14)
2025-02-06T22:52:37:     at Module._extensions..js (node:internal/modules/cjs/loader:1295:10)
2025-02-06T22:52:37:     at Module.load (node:internal/modules/cjs/loader:1091:32)
2025-02-06T22:52:37:     at Module._load (node:internal/modules/cjs/loader:938:12)
2025-02-06T22:52:37:     at Module.require (node:internal/modules/cjs/loader:1115:19)
2025-02-06T22:52:37:     at Hook._require.Module.require (C:\Users\Dell\AppData\Roaming\npm\node_modules\pm2\node_modules\require-in-the-middle\index.js:101:39)
2025-02-06T22:52:37:     at require (node:internal/modules/helpers:130:18)
2025-02-06T22:52:37: Error: Route.post() requires a callback function but got a [object Object]
2025-02-06T22:52:37:     at Route.<computed> [as post] (D:\learn node js\node setup\node_modules\express\lib\router\route.js:216:15)
2025-02-06T22:52:37:     at proto.<computed> [as post] (D:\learn node js\node setup\node_modules\express\lib\router\index.js:521:19)
2025-02-06T22:52:37:     at Object.<anonymous> (D:\learn node js\node setup\src\login\index.js:15:8)
2025-02-06T22:52:37:     at Module._compile (node:internal/modules/cjs/loader:1241:14)
2025-02-06T22:52:37:     at Module._extensions..js (node:internal/modules/cjs/loader:1295:10)
2025-02-06T22:52:37:     at Module.load (node:internal/modules/cjs/loader:1091:32)
2025-02-06T22:52:37:     at Module._load (node:internal/modules/cjs/loader:938:12)
2025-02-06T22:52:37:     at Module.require (node:internal/modules/cjs/loader:1115:19)
2025-02-06T22:52:37:     at Hook._require.Module.require (C:\Users\Dell\AppData\Roaming\npm\node_modules\pm2\node_modules\require-in-the-middle\index.js:101:39)
2025-02-06T22:52:37:     at require (node:internal/modules/helpers:130:18)
2025-02-06T22:52:38: Error: Route.post() requires a callback function but got a [object Object]
2025-02-06T22:52:38:     at Route.<computed> [as post] (D:\learn node js\node setup\node_modules\express\lib\router\route.js:216:15)
2025-02-06T22:52:38:     at proto.<computed> [as post] (D:\learn node js\node setup\node_modules\express\lib\router\index.js:521:19)
2025-02-06T22:52:38:     at Object.<anonymous> (D:\learn node js\node setup\src\login\index.js:15:8)
2025-02-06T22:52:38:     at Module._compile (node:internal/modules/cjs/loader:1241:14)
2025-02-06T22:52:38:     at Module._extensions..js (node:internal/modules/cjs/loader:1295:10)
2025-02-06T22:52:38:     at Module.load (node:internal/modules/cjs/loader:1091:32)
2025-02-06T22:52:38:     at Module._load (node:internal/modules/cjs/loader:938:12)
2025-02-06T22:52:38:     at Module.require (node:internal/modules/cjs/loader:1115:19)
2025-02-06T22:52:38:     at Hook._require.Module.require (C:\Users\Dell\AppData\Roaming\npm\node_modules\pm2\node_modules\require-in-the-middle\index.js:101:39)
2025-02-06T22:52:38:     at require (node:internal/modules/helpers:130:18)
2025-02-06T22:52:38: Error: Route.post() requires a callback function but got a [object Object]
2025-02-06T22:52:38:     at Route.<computed> [as post] (D:\learn node js\node setup\node_modules\express\lib\router\route.js:216:15)
2025-02-06T22:52:38:     at proto.<computed> [as post] (D:\learn node js\node setup\node_modules\express\lib\router\index.js:521:19)
2025-02-06T22:52:38:     at Object.<anonymous> (D:\learn node js\node setup\src\login\index.js:15:8)
2025-02-06T22:52:38:     at Module._compile (node:internal/modules/cjs/loader:1241:14)
2025-02-06T22:52:38:     at Module._extensions..js (node:internal/modules/cjs/loader:1295:10)
2025-02-06T22:52:38:     at Module.load (node:internal/modules/cjs/loader:1091:32)
2025-02-06T22:52:38:     at Module._load (node:internal/modules/cjs/loader:938:12)
2025-02-06T22:52:38:     at Module.require (node:internal/modules/cjs/loader:1115:19)
2025-02-06T22:52:38:     at Hook._require.Module.require (C:\Users\Dell\AppData\Roaming\npm\node_modules\pm2\node_modules\require-in-the-middle\index.js:101:39)
2025-02-06T22:52:38:     at require (node:internal/modules/helpers:130:18)
2025-02-06T22:52:39: Error: Route.post() requires a callback function but got a [object Object]
2025-02-06T22:52:39:     at Route.<computed> [as post] (D:\learn node js\node setup\node_modules\express\lib\router\route.js:216:15)
2025-02-06T22:52:39:     at proto.<computed> [as post] (D:\learn node js\node setup\node_modules\express\lib\router\index.js:521:19)
2025-02-06T22:52:39:     at Object.<anonymous> (D:\learn node js\node setup\src\login\index.js:15:8)
2025-02-06T22:52:39:     at Module._compile (node:internal/modules/cjs/loader:1241:14)
2025-02-06T22:52:39:     at Module._extensions..js (node:internal/modules/cjs/loader:1295:10)
2025-02-06T22:52:39:     at Module.load (node:internal/modules/cjs/loader:1091:32)
2025-02-06T22:52:39:     at Module._load (node:internal/modules/cjs/loader:938:12)
2025-02-06T22:52:39:     at Module.require (node:internal/modules/cjs/loader:1115:19)
2025-02-06T22:52:39:     at Hook._require.Module.require (C:\Users\Dell\AppData\Roaming\npm\node_modules\pm2\node_modules\require-in-the-middle\index.js:101:39)
2025-02-06T22:52:39:     at require (node:internal/modules/helpers:130:18)
2025-02-06T22:52:39: Error: Route.post() requires a callback function but got a [object Object]
2025-02-06T22:52:39:     at Route.<computed> [as post] (D:\learn node js\node setup\node_modules\express\lib\router\route.js:216:15)
2025-02-06T22:52:39:     at proto.<computed> [as post] (D:\learn node js\node setup\node_modules\express\lib\router\index.js:521:19)
2025-02-06T22:52:39:     at Object.<anonymous> (D:\learn node js\node setup\src\login\index.js:15:8)
2025-02-06T22:52:39:     at Module._compile (node:internal/modules/cjs/loader:1241:14)
2025-02-06T22:52:39:     at Module._extensions..js (node:internal/modules/cjs/loader:1295:10)
2025-02-06T22:52:39:     at Module.load (node:internal/modules/cjs/loader:1091:32)
2025-02-06T22:52:39:     at Module._load (node:internal/modules/cjs/loader:938:12)
2025-02-06T22:52:39:     at Module.require (node:internal/modules/cjs/loader:1115:19)
2025-02-06T22:52:39:     at Hook._require.Module.require (C:\Users\Dell\AppData\Roaming\npm\node_modules\pm2\node_modules\require-in-the-middle\index.js:101:39)
2025-02-06T22:52:39:     at require (node:internal/modules/helpers:130:18)
2025-02-06T22:52:39: Error: Route.post() requires a callback function but got a [object Object]
2025-02-06T22:52:39:     at Route.<computed> [as post] (D:\learn node js\node setup\node_modules\express\lib\router\route.js:216:15)
2025-02-06T22:52:39:     at proto.<computed> [as post] (D:\learn node js\node setup\node_modules\express\lib\router\index.js:521:19)
2025-02-06T22:52:39:     at Object.<anonymous> (D:\learn node js\node setup\src\login\index.js:15:8)
2025-02-06T22:52:39:     at Module._compile (node:internal/modules/cjs/loader:1241:14)
2025-02-06T22:52:39:     at Module._extensions..js (node:internal/modules/cjs/loader:1295:10)
2025-02-06T22:52:39:     at Module.load (node:internal/modules/cjs/loader:1091:32)
2025-02-06T22:52:39:     at Module._load (node:internal/modules/cjs/loader:938:12)
2025-02-06T22:52:39:     at Module.require (node:internal/modules/cjs/loader:1115:19)
2025-02-06T22:52:39:     at Hook._require.Module.require (C:\Users\Dell\AppData\Roaming\npm\node_modules\pm2\node_modules\require-in-the-middle\index.js:101:39)
2025-02-06T22:52:39:     at require (node:internal/modules/helpers:130:18)
2025-02-06T22:52:40: Error: Route.post() requires a callback function but got a [object Object]
2025-02-06T22:52:40:     at Route.<computed> [as post] (D:\learn node js\node setup\node_modules\express\lib\router\route.js:216:15)
2025-02-06T22:52:40:     at proto.<computed> [as post] (D:\learn node js\node setup\node_modules\express\lib\router\index.js:521:19)
2025-02-06T22:52:40:     at Object.<anonymous> (D:\learn node js\node setup\src\login\index.js:15:8)
2025-02-06T22:52:40:     at Module._compile (node:internal/modules/cjs/loader:1241:14)
2025-02-06T22:52:40:     at Module._extensions..js (node:internal/modules/cjs/loader:1295:10)
2025-02-06T22:52:40:     at Module.load (node:internal/modules/cjs/loader:1091:32)
2025-02-06T22:52:40:     at Module._load (node:internal/modules/cjs/loader:938:12)
2025-02-06T22:52:40:     at Module.require (node:internal/modules/cjs/loader:1115:19)
2025-02-06T22:52:40:     at Hook._require.Module.require (C:\Users\Dell\AppData\Roaming\npm\node_modules\pm2\node_modules\require-in-the-middle\index.js:101:39)
2025-02-06T22:52:40:     at require (node:internal/modules/helpers:130:18)
2025-02-06T22:52:40: Error: Route.post() requires a callback function but got a [object Object]
2025-02-06T22:52:40:     at Route.<computed> [as post] (D:\learn node js\node setup\node_modules\express\lib\router\route.js:216:15)
2025-02-06T22:52:40:     at proto.<computed> [as post] (D:\learn node js\node setup\node_modules\express\lib\router\index.js:521:19)
2025-02-06T22:52:40:     at Object.<anonymous> (D:\learn node js\node setup\src\login\index.js:15:8)
2025-02-06T22:52:40:     at Module._compile (node:internal/modules/cjs/loader:1241:14)
2025-02-06T22:52:40:     at Module._extensions..js (node:internal/modules/cjs/loader:1295:10)
2025-02-06T22:52:40:     at Module.load (node:internal/modules/cjs/loader:1091:32)
2025-02-06T22:52:40:     at Module._load (node:internal/modules/cjs/loader:938:12)
2025-02-06T22:52:40:     at Module.require (node:internal/modules/cjs/loader:1115:19)
2025-02-06T22:52:40:     at Hook._require.Module.require (C:\Users\Dell\AppData\Roaming\npm\node_modules\pm2\node_modules\require-in-the-middle\index.js:101:39)
2025-02-06T22:52:40:     at require (node:internal/modules/helpers:130:18)
2025-02-06T22:52:40: Error: Route.post() requires a callback function but got a [object Object]
2025-02-06T22:52:40:     at Route.<computed> [as post] (D:\learn node js\node setup\node_modules\express\lib\router\route.js:216:15)
2025-02-06T22:52:40:     at proto.<computed> [as post] (D:\learn node js\node setup\node_modules\express\lib\router\index.js:521:19)
2025-02-06T22:52:40:     at Object.<anonymous> (D:\learn node js\node setup\src\login\index.js:15:8)
2025-02-06T22:52:40:     at Module._compile (node:internal/modules/cjs/loader:1241:14)
2025-02-06T22:52:40:     at Module._extensions..js (node:internal/modules/cjs/loader:1295:10)
2025-02-06T22:52:40:     at Module.load (node:internal/modules/cjs/loader:1091:32)
2025-02-06T22:52:40:     at Module._load (node:internal/modules/cjs/loader:938:12)
2025-02-06T22:52:40:     at Module.require (node:internal/modules/cjs/loader:1115:19)
2025-02-06T22:52:40:     at Hook._require.Module.require (C:\Users\Dell\AppData\Roaming\npm\node_modules\pm2\node_modules\require-in-the-middle\index.js:101:39)
2025-02-06T22:52:40:     at require (node:internal/modules/helpers:130:18)
2025-02-06T23:20:07: [31m{"METHOD ->":"GET","URL ->":"/login/loginotp","BODY ->":{},"TIME_SERVED ->":"NaN MS","REFERRER ->":null,"USERAGENT ->":"Mozilla/5.0 (Windows NT 10.0; Win64; x64) AppleWebKit/537.36 (KHTML, like Gecko) Chrome/132.0.0.0 Safari/537.36 Edg/132.0.0.0","IP ->":"::1","IPS ->":[],"WARN ->":null,"INFO ->":null,"LOG ->":null,"ERROR ->":null,"TRACE ->":"No trace detected","ACTUAL_ERROR ->":"TypeError: loginflow is not a constructor\n    at module.exports (D:\\learn node js\\node setup\\src\\login\\controller\\controller.js:10:30)\n    at Layer.handle [as handle_request] (D:\\learn node js\\node setup\\node_modules\\express\\lib\\router\\layer.js:95:5)\n    at next (D:\\learn node js\\node setup\\node_modules\\express\\lib\\router\\route.js:149:13)\n    at Route.dispatch (D:\\learn node js\\node setup\\node_modules\\express\\lib\\router\\route.js:119:3)\n    at Layer.handle [as handle_request] (D:\\learn node js\\node setup\\node_modules\\express\\lib\\router\\layer.js:95:5)\n    at D:\\learn node js\\node setup\\node_modules\\express\\lib\\router\\index.js:284:15\n    at Function.process_params (D:\\learn node js\\node setup\\node_modules\\express\\lib\\router\\index.js:346:12)\n    at next (D:\\learn node js\\node setup\\node_modules\\express\\lib\\router\\index.js:280:10)\n    at Function.handle (D:\\learn node js\\node setup\\node_modules\\express\\lib\\router\\index.js:175:3)\n    at router (D:\\learn node js\\node setup\\node_modules\\express\\lib\\router\\index.js:47:12)"}[0m
2025-02-06T23:21:58: TypeError: Cannot read properties of undefined (reading 'toLocaleString')
2025-02-06T23:21:58:     at D:\learn node js\node setup\app.js:74:37
2025-02-06T23:21:58:     at Layer.handle_error (D:\learn node js\node setup\node_modules\express\lib\router\layer.js:71:5)
2025-02-06T23:21:58:     at trim_prefix (D:\learn node js\node setup\node_modules\express\lib\router\index.js:326:13)
2025-02-06T23:21:58:     at D:\learn node js\node setup\node_modules\express\lib\router\index.js:286:9
2025-02-06T23:21:58:     at Function.process_params (D:\learn node js\node setup\node_modules\express\lib\router\index.js:346:12)
2025-02-06T23:21:58:     at next (D:\learn node js\node setup\node_modules\express\lib\router\index.js:280:10)
2025-02-06T23:21:58:     at Layer.handle_error (D:\learn node js\node setup\node_modules\express\lib\router\layer.js:67:12)
2025-02-06T23:21:58:     at trim_prefix (D:\learn node js\node setup\node_modules\express\lib\router\index.js:326:13)
2025-02-06T23:21:58:     at D:\learn node js\node setup\node_modules\express\lib\router\index.js:286:9
2025-02-06T23:21:58:     at Function.process_params (D:\learn node js\node setup\node_modules\express\lib\router\index.js:346:12)
2025-02-06T23:22:38: [31m{"METHOD ->":"GET","URL ->":"/login/loginotp","BODY ->":{},"TIME_SERVED ->":"NaN MS","REFERRER ->":null,"USERAGENT ->":"Mozilla/5.0 (Windows NT 10.0; Win64; x64) AppleWebKit/537.36 (KHTML, like Gecko) Chrome/132.0.0.0 Safari/537.36 Edg/132.0.0.0","IP ->":"::1","IPS ->":[],"WARN ->":null,"INFO ->":null,"LOG ->":null,"ERROR ->":null,"TRACE ->":"No trace detected","ACTUAL_ERROR ->":"TypeError: loginflow is not a constructor\n    at module.exports (D:\\learn node js\\node setup\\src\\login\\controller\\controller.js:10:30)\n    at Layer.handle [as handle_request] (D:\\learn node js\\node setup\\node_modules\\express\\lib\\router\\layer.js:95:5)\n    at next (D:\\learn node js\\node setup\\node_modules\\express\\lib\\router\\route.js:149:13)\n    at Route.dispatch (D:\\learn node js\\node setup\\node_modules\\express\\lib\\router\\route.js:119:3)\n    at Layer.handle [as handle_request] (D:\\learn node js\\node setup\\node_modules\\express\\lib\\router\\layer.js:95:5)\n    at D:\\learn node js\\node setup\\node_modules\\express\\lib\\router\\index.js:284:15\n    at Function.process_params (D:\\learn node js\\node setup\\node_modules\\express\\lib\\router\\index.js:346:12)\n    at next (D:\\learn node js\\node setup\\node_modules\\express\\lib\\router\\index.js:280:10)\n    at Function.handle (D:\\learn node js\\node setup\\node_modules\\express\\lib\\router\\index.js:175:3)\n    at router (D:\\learn node js\\node setup\\node_modules\\express\\lib\\router\\index.js:47:12)"}[0m
2025-02-06T23:22:39: [31m{"METHOD ->":"GET","URL ->":"/login/loginotp","BODY ->":{},"TIME_SERVED ->":"NaN MS","REFERRER ->":null,"USERAGENT ->":"Mozilla/5.0 (Windows NT 10.0; Win64; x64) AppleWebKit/537.36 (KHTML, like Gecko) Chrome/132.0.0.0 Safari/537.36 Edg/132.0.0.0","IP ->":"::1","IPS ->":[],"WARN ->":null,"INFO ->":null,"LOG ->":null,"ERROR ->":null,"TRACE ->":"No trace detected","ACTUAL_ERROR ->":"TypeError: loginflow is not a constructor\n    at module.exports (D:\\learn node js\\node setup\\src\\login\\controller\\controller.js:10:30)\n    at Layer.handle [as handle_request] (D:\\learn node js\\node setup\\node_modules\\express\\lib\\router\\layer.js:95:5)\n    at next (D:\\learn node js\\node setup\\node_modules\\express\\lib\\router\\route.js:149:13)\n    at Route.dispatch (D:\\learn node js\\node setup\\node_modules\\express\\lib\\router\\route.js:119:3)\n    at Layer.handle [as handle_request] (D:\\learn node js\\node setup\\node_modules\\express\\lib\\router\\layer.js:95:5)\n    at D:\\learn node js\\node setup\\node_modules\\express\\lib\\router\\index.js:284:15\n    at Function.process_params (D:\\learn node js\\node setup\\node_modules\\express\\lib\\router\\index.js:346:12)\n    at next (D:\\learn node js\\node setup\\node_modules\\express\\lib\\router\\index.js:280:10)\n    at Function.handle (D:\\learn node js\\node setup\\node_modules\\express\\lib\\router\\index.js:175:3)\n    at router (D:\\learn node js\\node setup\\node_modules\\express\\lib\\router\\index.js:47:12)"}[0m
2025-02-06T23:23:27: [31m{"METHOD ->":"GET","URL ->":"/login/loginotp","BODY ->":{},"TIME_SERVED ->":"NaN MS","REFERRER ->":null,"USERAGENT ->":"Mozilla/5.0 (Windows NT 10.0; Win64; x64) AppleWebKit/537.36 (KHTML, like Gecko) Chrome/132.0.0.0 Safari/537.36 Edg/132.0.0.0","IP ->":"::1","IPS ->":[],"WARN ->":null,"INFO ->":null,"LOG ->":null,"ERROR ->":null,"TRACE ->":"No trace detected","ACTUAL_ERROR ->":"TypeError: loginflow is not a constructor\n    at module.exports (D:\\learn node js\\node setup\\src\\login\\controller\\controller.js:10:30)\n    at Layer.handle [as handle_request] (D:\\learn node js\\node setup\\node_modules\\express\\lib\\router\\layer.js:95:5)\n    at next (D:\\learn node js\\node setup\\node_modules\\express\\lib\\router\\route.js:149:13)\n    at Route.dispatch (D:\\learn node js\\node setup\\node_modules\\express\\lib\\router\\route.js:119:3)\n    at Layer.handle [as handle_request] (D:\\learn node js\\node setup\\node_modules\\express\\lib\\router\\layer.js:95:5)\n    at D:\\learn node js\\node setup\\node_modules\\express\\lib\\router\\index.js:284:15\n    at Function.process_params (D:\\learn node js\\node setup\\node_modules\\express\\lib\\router\\index.js:346:12)\n    at next (D:\\learn node js\\node setup\\node_modules\\express\\lib\\router\\index.js:280:10)\n    at Function.handle (D:\\learn node js\\node setup\\node_modules\\express\\lib\\router\\index.js:175:3)\n    at router (D:\\learn node js\\node setup\\node_modules\\express\\lib\\router\\index.js:47:12)"}[0m
2025-02-06T23:23:41: [31m{"METHOD ->":"GET","URL ->":"/login/loginotp","BODY ->":{},"TIME_SERVED ->":"NaN MS","REFERRER ->":null,"USERAGENT ->":"Mozilla/5.0 (Windows NT 10.0; Win64; x64) AppleWebKit/537.36 (KHTML, like Gecko) Chrome/132.0.0.0 Safari/537.36 Edg/132.0.0.0","IP ->":"::1","IPS ->":[],"WARN ->":null,"INFO ->":null,"LOG ->":null,"ERROR ->":null,"TRACE ->":"No trace detected","ACTUAL_ERROR ->":"TypeError: loginflow is not a constructor\n    at module.exports (D:\\learn node js\\node setup\\src\\login\\controller\\controller.js:10:30)\n    at Layer.handle [as handle_request] (D:\\learn node js\\node setup\\node_modules\\express\\lib\\router\\layer.js:95:5)\n    at next (D:\\learn node js\\node setup\\node_modules\\express\\lib\\router\\route.js:149:13)\n    at Route.dispatch (D:\\learn node js\\node setup\\node_modules\\express\\lib\\router\\route.js:119:3)\n    at Layer.handle [as handle_request] (D:\\learn node js\\node setup\\node_modules\\express\\lib\\router\\layer.js:95:5)\n    at D:\\learn node js\\node setup\\node_modules\\express\\lib\\router\\index.js:284:15\n    at Function.process_params (D:\\learn node js\\node setup\\node_modules\\express\\lib\\router\\index.js:346:12)\n    at next (D:\\learn node js\\node setup\\node_modules\\express\\lib\\router\\index.js:280:10)\n    at Function.handle (D:\\learn node js\\node setup\\node_modules\\express\\lib\\router\\index.js:175:3)\n    at router (D:\\learn node js\\node setup\\node_modules\\express\\lib\\router\\index.js:47:12)"}[0m
2025-02-06T23:24:43: [31m{"METHOD ->":"GET","URL ->":"/login/loginotp","BODY ->":{},"TIME_SERVED ->":"NaN MS","REFERRER ->":null,"USERAGENT ->":"Mozilla/5.0 (Windows NT 10.0; Win64; x64) AppleWebKit/537.36 (KHTML, like Gecko) Chrome/132.0.0.0 Safari/537.36 Edg/132.0.0.0","IP ->":"::1","IPS ->":[],"WARN ->":null,"INFO ->":null,"LOG ->":null,"ERROR ->":null,"TRACE ->":"No trace detected","ACTUAL_ERROR ->":"TypeError: loginflow is not a constructor\n    at module.exports (D:\\learn node js\\node setup\\src\\login\\controller\\controller.js:10:30)\n    at Layer.handle [as handle_request] (D:\\learn node js\\node setup\\node_modules\\express\\lib\\router\\layer.js:95:5)\n    at next (D:\\learn node js\\node setup\\node_modules\\express\\lib\\router\\route.js:149:13)\n    at Route.dispatch (D:\\learn node js\\node setup\\node_modules\\express\\lib\\router\\route.js:119:3)\n    at Layer.handle [as handle_request] (D:\\learn node js\\node setup\\node_modules\\express\\lib\\router\\layer.js:95:5)\n    at D:\\learn node js\\node setup\\node_modules\\express\\lib\\router\\index.js:284:15\n    at Function.process_params (D:\\learn node js\\node setup\\node_modules\\express\\lib\\router\\index.js:346:12)\n    at next (D:\\learn node js\\node setup\\node_modules\\express\\lib\\router\\index.js:280:10)\n    at Function.handle (D:\\learn node js\\node setup\\node_modules\\express\\lib\\router\\index.js:175:3)\n    at router (D:\\learn node js\\node setup\\node_modules\\express\\lib\\router\\index.js:47:12)"}[0m
2025-02-06T23:28:08: [31m{"METHOD ->":"GET","URL ->":"/login/loginotp","BODY ->":{},"TIME_SERVED ->":"NaN MS","REFERRER ->":null,"USERAGENT ->":"Mozilla/5.0 (Windows NT 10.0; Win64; x64) AppleWebKit/537.36 (KHTML, like Gecko) Chrome/132.0.0.0 Safari/537.36 Edg/132.0.0.0","IP ->":"::1","IPS ->":[],"WARN ->":null,"INFO ->":null,"LOG ->":null,"ERROR ->":null,"TRACE ->":"No trace detected","ACTUAL_ERROR ->":"TypeError: loginflow is not a constructor\n    at module.exports (D:\\learn node js\\node setup\\src\\login\\controller\\controller.js:10:30)\n    at Layer.handle [as handle_request] (D:\\learn node js\\node setup\\node_modules\\express\\lib\\router\\layer.js:95:5)\n    at next (D:\\learn node js\\node setup\\node_modules\\express\\lib\\router\\route.js:149:13)\n    at Route.dispatch (D:\\learn node js\\node setup\\node_modules\\express\\lib\\router\\route.js:119:3)\n    at Layer.handle [as handle_request] (D:\\learn node js\\node setup\\node_modules\\express\\lib\\router\\layer.js:95:5)\n    at D:\\learn node js\\node setup\\node_modules\\express\\lib\\router\\index.js:284:15\n    at Function.process_params (D:\\learn node js\\node setup\\node_modules\\express\\lib\\router\\index.js:346:12)\n    at next (D:\\learn node js\\node setup\\node_modules\\express\\lib\\router\\index.js:280:10)\n    at Function.handle (D:\\learn node js\\node setup\\node_modules\\express\\lib\\router\\index.js:175:3)\n    at router (D:\\learn node js\\node setup\\node_modules\\express\\lib\\router\\index.js:47:12)"}[0m
2025-02-06T23:28:47: [31m{"METHOD ->":"GET","URL ->":"/login/loginotp","BODY ->":{},"TIME_SERVED ->":"NaN MS","REFERRER ->":null,"USERAGENT ->":"Mozilla/5.0 (Windows NT 10.0; Win64; x64) AppleWebKit/537.36 (KHTML, like Gecko) Chrome/132.0.0.0 Safari/537.36 Edg/132.0.0.0","IP ->":"::1","IPS ->":[],"WARN ->":null,"INFO ->":null,"LOG ->":null,"ERROR ->":null,"TRACE ->":"No trace detected","ACTUAL_ERROR ->":"TypeError: loginflow is not a constructor\n    at module.exports (D:\\learn node js\\node setup\\src\\login\\controller\\controller.js:10:30)\n    at Layer.handle [as handle_request] (D:\\learn node js\\node setup\\node_modules\\express\\lib\\router\\layer.js:95:5)\n    at next (D:\\learn node js\\node setup\\node_modules\\express\\lib\\router\\route.js:149:13)\n    at Route.dispatch (D:\\learn node js\\node setup\\node_modules\\express\\lib\\router\\route.js:119:3)\n    at Layer.handle [as handle_request] (D:\\learn node js\\node setup\\node_modules\\express\\lib\\router\\layer.js:95:5)\n    at D:\\learn node js\\node setup\\node_modules\\express\\lib\\router\\index.js:284:15\n    at Function.process_params (D:\\learn node js\\node setup\\node_modules\\express\\lib\\router\\index.js:346:12)\n    at next (D:\\learn node js\\node setup\\node_modules\\express\\lib\\router\\index.js:280:10)\n    at Function.handle (D:\\learn node js\\node setup\\node_modules\\express\\lib\\router\\index.js:175:3)\n    at router (D:\\learn node js\\node setup\\node_modules\\express\\lib\\router\\index.js:47:12)"}[0m
2025-02-06T23:37:37: [31m{"METHOD ->":"GET","URL ->":"/login/loginotp","BODY ->":{},"TIME_SERVED ->":"NaN MS","REFERRER ->":null,"USERAGENT ->":"Mozilla/5.0 (Windows NT 10.0; Win64; x64) AppleWebKit/537.36 (KHTML, like Gecko) Chrome/132.0.0.0 Safari/537.36 Edg/132.0.0.0","IP ->":"::1","IPS ->":[],"WARN ->":null,"INFO ->":null,"LOG ->":null,"ERROR ->":null,"TRACE ->":"No trace detected","ACTUAL_ERROR ->":"TypeError: loginflow is not a constructor\n    at module.exports (D:\\learn node js\\node setup\\src\\login\\controller\\controller.js:10:30)\n    at Layer.handle [as handle_request] (D:\\learn node js\\node setup\\node_modules\\express\\lib\\router\\layer.js:95:5)\n    at next (D:\\learn node js\\node setup\\node_modules\\express\\lib\\router\\route.js:149:13)\n    at Route.dispatch (D:\\learn node js\\node setup\\node_modules\\express\\lib\\router\\route.js:119:3)\n    at Layer.handle [as handle_request] (D:\\learn node js\\node setup\\node_modules\\express\\lib\\router\\layer.js:95:5)\n    at D:\\learn node js\\node setup\\node_modules\\express\\lib\\router\\index.js:284:15\n    at Function.process_params (D:\\learn node js\\node setup\\node_modules\\express\\lib\\router\\index.js:346:12)\n    at next (D:\\learn node js\\node setup\\node_modules\\express\\lib\\router\\index.js:280:10)\n    at Function.handle (D:\\learn node js\\node setup\\node_modules\\express\\lib\\router\\index.js:175:3)\n    at router (D:\\learn node js\\node setup\\node_modules\\express\\lib\\router\\index.js:47:12)"}[0m
2025-02-06T23:37:37: [31m{"METHOD ->":"GET","URL ->":"/login/loginotp","BODY ->":{},"TIME_SERVED ->":"NaN MS","REFERRER ->":null,"USERAGENT ->":"Mozilla/5.0 (Windows NT 10.0; Win64; x64) AppleWebKit/537.36 (KHTML, like Gecko) Chrome/132.0.0.0 Safari/537.36 Edg/132.0.0.0","IP ->":"::1","IPS ->":[],"WARN ->":null,"INFO ->":null,"LOG ->":null,"ERROR ->":null,"TRACE ->":"No trace detected","ACTUAL_ERROR ->":"TypeError: loginflow is not a constructor\n    at module.exports (D:\\learn node js\\node setup\\src\\login\\controller\\controller.js:10:30)\n    at Layer.handle [as handle_request] (D:\\learn node js\\node setup\\node_modules\\express\\lib\\router\\layer.js:95:5)\n    at next (D:\\learn node js\\node setup\\node_modules\\express\\lib\\router\\route.js:149:13)\n    at Route.dispatch (D:\\learn node js\\node setup\\node_modules\\express\\lib\\router\\route.js:119:3)\n    at Layer.handle [as handle_request] (D:\\learn node js\\node setup\\node_modules\\express\\lib\\router\\layer.js:95:5)\n    at D:\\learn node js\\node setup\\node_modules\\express\\lib\\router\\index.js:284:15\n    at Function.process_params (D:\\learn node js\\node setup\\node_modules\\express\\lib\\router\\index.js:346:12)\n    at next (D:\\learn node js\\node setup\\node_modules\\express\\lib\\router\\index.js:280:10)\n    at Function.handle (D:\\learn node js\\node setup\\node_modules\\express\\lib\\router\\index.js:175:3)\n    at router (D:\\learn node js\\node setup\\node_modules\\express\\lib\\router\\index.js:47:12)"}[0m
2025-02-06T23:37:37: [31m{"METHOD ->":"GET","URL ->":"/login/loginotp","BODY ->":{},"TIME_SERVED ->":"NaN MS","REFERRER ->":null,"USERAGENT ->":"Mozilla/5.0 (Windows NT 10.0; Win64; x64) AppleWebKit/537.36 (KHTML, like Gecko) Chrome/132.0.0.0 Safari/537.36 Edg/132.0.0.0","IP ->":"::1","IPS ->":[],"WARN ->":null,"INFO ->":null,"LOG ->":null,"ERROR ->":null,"TRACE ->":"No trace detected","ACTUAL_ERROR ->":"TypeError: loginflow is not a constructor\n    at module.exports (D:\\learn node js\\node setup\\src\\login\\controller\\controller.js:10:30)\n    at Layer.handle [as handle_request] (D:\\learn node js\\node setup\\node_modules\\express\\lib\\router\\layer.js:95:5)\n    at next (D:\\learn node js\\node setup\\node_modules\\express\\lib\\router\\route.js:149:13)\n    at Route.dispatch (D:\\learn node js\\node setup\\node_modules\\express\\lib\\router\\route.js:119:3)\n    at Layer.handle [as handle_request] (D:\\learn node js\\node setup\\node_modules\\express\\lib\\router\\layer.js:95:5)\n    at D:\\learn node js\\node setup\\node_modules\\express\\lib\\router\\index.js:284:15\n    at Function.process_params (D:\\learn node js\\node setup\\node_modules\\express\\lib\\router\\index.js:346:12)\n    at next (D:\\learn node js\\node setup\\node_modules\\express\\lib\\router\\index.js:280:10)\n    at Function.handle (D:\\learn node js\\node setup\\node_modules\\express\\lib\\router\\index.js:175:3)\n    at router (D:\\learn node js\\node setup\\node_modules\\express\\lib\\router\\index.js:47:12)"}[0m
2025-02-06T23:37:38: [31m{"METHOD ->":"GET","URL ->":"/login/loginotp","BODY ->":{},"TIME_SERVED ->":"NaN MS","REFERRER ->":null,"USERAGENT ->":"Mozilla/5.0 (Windows NT 10.0; Win64; x64) AppleWebKit/537.36 (KHTML, like Gecko) Chrome/132.0.0.0 Safari/537.36 Edg/132.0.0.0","IP ->":"::1","IPS ->":[],"WARN ->":null,"INFO ->":null,"LOG ->":null,"ERROR ->":null,"TRACE ->":"No trace detected","ACTUAL_ERROR ->":"TypeError: loginflow is not a constructor\n    at module.exports (D:\\learn node js\\node setup\\src\\login\\controller\\controller.js:10:30)\n    at Layer.handle [as handle_request] (D:\\learn node js\\node setup\\node_modules\\express\\lib\\router\\layer.js:95:5)\n    at next (D:\\learn node js\\node setup\\node_modules\\express\\lib\\router\\route.js:149:13)\n    at Route.dispatch (D:\\learn node js\\node setup\\node_modules\\express\\lib\\router\\route.js:119:3)\n    at Layer.handle [as handle_request] (D:\\learn node js\\node setup\\node_modules\\express\\lib\\router\\layer.js:95:5)\n    at D:\\learn node js\\node setup\\node_modules\\express\\lib\\router\\index.js:284:15\n    at Function.process_params (D:\\learn node js\\node setup\\node_modules\\express\\lib\\router\\index.js:346:12)\n    at next (D:\\learn node js\\node setup\\node_modules\\express\\lib\\router\\index.js:280:10)\n    at Function.handle (D:\\learn node js\\node setup\\node_modules\\express\\lib\\router\\index.js:175:3)\n    at router (D:\\learn node js\\node setup\\node_modules\\express\\lib\\router\\index.js:47:12)"}[0m
